<?xml version="1.0" encoding="UTF-8"?>
<!-- Generated by org.testng.reporters.JUnitReportReporter -->
<testsuite skipped="0" hostname="DESKTOP-UQRM2HO" name="testCases.LoginPageTest" tests="2" failures="0" timestamp="12 Dec 2020 19:16:17 GMT" time="28.420" errors="0">
  <testcase name="loginTest" time="14.525" classname="testCases.LoginPageTest"/>
  <testcase name="loginpageTitleTest" time="13.895" classname="testCases.LoginPageTest"/>
</testsuite> <!-- testCases.LoginPageTest -->
